<?xml version="1.0" encoding="utf-8"?><testsuites name="pytest tests"><testsuite name="pytest" errors="0" failures="0" skipped="0" tests="16" time="18.227" timestamp="2026-03-10T01:02:22.644501+00:00" hostname="agent-env-3987919a-af39-4517-a0df-dac61a03e2f0"><testcase classname="backend.tests.test_iteration5_features.TestBackendHealth" name="test_api_health" time="0.593" /><testcase classname="backend.tests.test_iteration5_features.TestMarkerLogin" name="test_marker_login_success" time="0.754" /><testcase classname="backend.tests.test_iteration5_features.TestMarkerLogin" name="test_marker_login_invalid_credentials" time="0.666" /><testcase classname="backend.tests.test_iteration5_features.TestStudentLogin" name="test_student_login_success" time="0.641" /><testcase classname="backend.tests.test_iteration5_features.TestStudentLogin" name="test_student_enrolled_courses" time="1.076" /><testcase classname="backend.tests.test_iteration5_features.TestAssignmentCreationWithFlags" name="test_create_assignment_no_deadline_no_schedule" time="1.514" /><testcase classname="backend.tests.test_iteration5_features.TestAssignmentCreationWithFlags" name="test_create_assignment_with_deadline_yes" time="1.487" /><testcase classname="backend.tests.test_iteration5_features.TestAssignmentCreationWithFlags" name="test_create_assignment_with_schedule_release_yes" time="1.487" /><testcase classname="backend.tests.test_iteration5_features.TestAssignmentCreationWithFlags" name="test_create_assignment_with_both_flags_yes" time="1.513" /><testcase classname="backend.tests.test_iteration5_features.TestPublishResultsEndpoint" name="test_get_review_status" time="1.513" /><testcase classname="backend.tests.test_iteration5_features.TestPublishResultsEndpoint" name="test_publish_results" time="1.553" /><testcase classname="backend.tests.test_iteration5_features.TestAssignmentRetrievalWithFlags" name="test_get_assignments_includes_flags" time="1.091" /><testcase classname="backend.tests.test_iteration5_features.TestGamificationEndpoints" name="test_student_gamification_stats" time="1.059" /><testcase classname="backend.tests.test_iteration5_features.TestGamificationEndpoints" name="test_marker_gamification_stats" time="1.097" /><testcase classname="backend.tests.test_iteration5_features.TestGamificationEndpoints" name="test_student_badges_endpoint" time="1.054" /><testcase classname="backend.tests.test_iteration5_features.TestGamificationEndpoints" name="test_marker_badges_endpoint" time="1.072" /></testsuite></testsuites>