<?xml version="1.0" encoding="utf-8"?><testsuites name="pytest tests"><testsuite name="pytest" errors="0" failures="0" skipped="0" tests="10" time="12.088" timestamp="2026-04-07T21:27:43.704303+00:00" hostname="agent-env-1601f52e-5c96-4a43-ba1a-0cf4b2351966"><testcase classname="backend.tests.test_iteration7_bugfixes.TestIteration7BugFixes" name="test_moderation_endpoint_with_none_marks" time="1.592" /><testcase classname="backend.tests.test_iteration7_bugfixes.TestIteration7BugFixes" name="test_moderation_issues_endpoint" time="1.326" /><testcase classname="backend.tests.test_iteration7_bugfixes.TestIteration7BugFixes" name="test_gamification_stats_student" time="0.969" /><testcase classname="backend.tests.test_iteration7_bugfixes.TestIteration7BugFixes" name="test_gamification_stats_marker" time="1.043" /><testcase classname="backend.tests.test_iteration7_bugfixes.TestIteration7BugFixes" name="test_leaderboard_student_endpoint" time="1.370" /><testcase classname="backend.tests.test_iteration7_bugfixes.TestIteration7BugFixes" name="test_leaderboard_marker_endpoint" time="1.354" /><testcase classname="backend.tests.test_iteration7_bugfixes.TestIteration7BugFixes" name="test_leaderboard_settings_endpoint" time="1.347" /><testcase classname="backend.tests.test_iteration7_bugfixes.TestIteration7BugFixes" name="test_check_nickname_endpoint" time="1.315" /><testcase classname="backend.tests.test_iteration7_bugfixes.TestAuthEndpoints" name="test_marker_login" time="0.604" /><testcase classname="backend.tests.test_iteration7_bugfixes.TestAuthEndpoints" name="test_student_login" time="1.103" /></testsuite></testsuites>