<?xml version="1.0" encoding="utf-8"?><testsuites name="pytest tests"><testsuite name="pytest" errors="0" failures="0" skipped="0" tests="18" time="2.810" timestamp="2026-04-20T16:50:22.199000+00:00" hostname="agent-env-1601f52e-5c96-4a43-ba1a-0cf4b2351966"><testcase classname="backend.tests.test_iteration9_pdf_compare_reflections.TestPDFExport" name="test_student_export_own_pdf" time="0.553" /><testcase classname="backend.tests.test_iteration9_pdf_compare_reflections.TestPDFExport" name="test_marker_can_export_any_pdf" time="0.450" /><testcase classname="backend.tests.test_iteration9_pdf_compare_reflections.TestPDFExport" name="test_pdf_export_404_for_missing_submission" time="0.089" /><testcase classname="backend.tests.test_iteration9_pdf_compare_reflections.TestPDFExport" name="test_pdf_export_requires_auth" time="0.184" /><testcase classname="backend.tests.test_iteration9_pdf_compare_reflections.TestComparison" name="test_compare_submissions_list_marker" time="0.297" /><testcase classname="backend.tests.test_iteration9_pdf_compare_reflections.TestComparison" name="test_compare_submissions_forbidden_for_student" time="0.100" /><testcase classname="backend.tests.test_iteration9_pdf_compare_reflections.TestComparison" name="test_compare_two_submissions" time="0.093" /><testcase classname="backend.tests.test_iteration9_pdf_compare_reflections.TestComparison" name="test_compare_404_for_missing" time="0.086" /><testcase classname="backend.tests.test_iteration9_pdf_compare_reflections.TestReflections" name="test_save_pre_submission_reflection" time="0.086" /><testcase classname="backend.tests.test_iteration9_pdf_compare_reflections.TestReflections" name="test_get_reflections_returns_saved" time="0.095" /><testcase classname="backend.tests.test_iteration9_pdf_compare_reflections.TestReflections" name="test_marker_cannot_save_reflection" time="0.078" /><testcase classname="backend.tests.test_iteration9_pdf_compare_reflections.TestReflections" name="test_post_feedback_blocked_when_not_released" time="0.081" /><testcase classname="backend.tests.test_iteration9_pdf_compare_reflections.TestReflections" name="test_auto_save_draft_and_retrieve" time="0.254" /><testcase classname="backend.tests.test_iteration9_pdf_compare_reflections.TestReflections" name="test_get_draft_returns_empty_when_missing" time="0.108" /><testcase classname="backend.tests.test_iteration9_pdf_compare_reflections.TestReflections" name="test_reflection_404_missing_submission" time="0.088" /><testcase classname="backend.tests.test_iteration9_pdf_compare_reflections.TestRegression" name="test_marker_login" time="0.000" /><testcase classname="backend.tests.test_iteration9_pdf_compare_reflections.TestRegression" name="test_student_login" time="0.000" /><testcase classname="backend.tests.test_iteration9_pdf_compare_reflections.TestRegression" name="test_health" time="0.098" /></testsuite></testsuites>