<?xml version="1.0" encoding="utf-8"?><testsuites name="pytest tests"><testsuite name="pytest" errors="0" failures="0" skipped="0" tests="16" time="35.539" timestamp="2026-04-07T21:56:35.069418+00:00" hostname="agent-env-1601f52e-5c96-4a43-ba1a-0cf4b2351966"><testcase classname="backend.tests.test_iteration8_templates_drafts.TestAuth" name="test_marker_login" time="0.759" /><testcase classname="backend.tests.test_iteration8_templates_drafts.TestAuth" name="test_student_login" time="0.623" /><testcase classname="backend.tests.test_iteration8_templates_drafts.TestIssueTemplates" name="test_create_module_specific_template" time="2.628" /><testcase classname="backend.tests.test_iteration8_templates_drafts.TestIssueTemplates" name="test_create_global_template" time="2.454" /><testcase classname="backend.tests.test_iteration8_templates_drafts.TestIssueTemplates" name="test_get_templates_with_course_filter" time="4.114" /><testcase classname="backend.tests.test_iteration8_templates_drafts.TestIssueTemplates" name="test_delete_own_template" time="3.267" /><testcase classname="backend.tests.test_iteration8_templates_drafts.TestIssueTemplates" name="test_increment_usage_count" time="6.575" /><testcase classname="backend.tests.test_iteration8_templates_drafts.TestDrafts" name="test_save_draft" time="2.655" /><testcase classname="backend.tests.test_iteration8_templates_drafts.TestDrafts" name="test_get_draft" time="1.804" /><testcase classname="backend.tests.test_iteration8_templates_drafts.TestDrafts" name="test_get_nonexistent_draft" time="1.485" /><testcase classname="backend.tests.test_iteration8_templates_drafts.TestDrafts" name="test_draft_update_overwrites" time="2.228" /><testcase classname="backend.tests.test_iteration8_templates_drafts.TestRegressionAuth" name="test_auth_me_endpoint" time="1.398" /><testcase classname="backend.tests.test_iteration8_templates_drafts.TestRegressionCourses" name="test_get_courses" time="1.022" /><testcase classname="backend.tests.test_iteration8_templates_drafts.TestRegressionGamification" name="test_gamification_stats" time="1.082" /><testcase classname="backend.tests.test_iteration8_templates_drafts.TestRegressionBadges" name="test_marker_badges_count" time="1.619" /><testcase classname="backend.tests.test_iteration8_templates_drafts.TestRegressionBadges" name="test_student_badges_count" time="1.747" /></testsuite></testsuites>