<?xml version="1.0" encoding="utf-8"?><testsuites name="pytest tests"><testsuite name="pytest" errors="0" failures="0" skipped="0" tests="9" time="0.652" timestamp="2026-04-24T22:49:55.911561+00:00" hostname="agent-env-3c82004c-a9a0-4f62-abda-a51f54f99f0d"><testcase classname="backend.tests.test_iteration10_student_courses.TestStudentsCoursesEnriched" name="test_returns_list_for_authenticated_student" time="0.237" /><testcase classname="backend.tests.test_iteration10_student_courses.TestStudentsCoursesEnriched" name="test_all_required_enriched_fields_present" time="0.004" /><testcase classname="backend.tests.test_iteration10_student_courses.TestStudentsCoursesEnriched" name="test_field_types_and_ranges" time="0.004" /><testcase classname="backend.tests.test_iteration10_student_courses.TestStudentsCoursesEnriched" name="test_progress_pct_math" time="0.004" /><testcase classname="backend.tests.test_iteration10_student_courses.TestStudentsCoursesEnriched" name="test_no_mongo_object_id_leak" time="0.003" /><testcase classname="backend.tests.test_iteration10_student_courses.TestStudentsCoursesEnriched" name="test_requires_auth" time="0.001" /><testcase classname="backend.tests.test_iteration10_student_courses.TestStudentsCoursesEnriched" name="test_marker_forbidden" time="0.232" /><testcase classname="backend.tests.test_iteration10_student_courses.TestStudentRegression" name="test_assignments_listing" time="0.006" /><testcase classname="backend.tests.test_iteration10_student_courses.TestStudentRegression" name="test_available_courses_endpoint" time="0.003" /></testsuite></testsuites>