<?xml version="1.0" encoding="utf-8"?><testsuites name="pytest tests"><testsuite name="pytest" errors="0" failures="0" skipped="0" tests="30" time="38.282" timestamp="2026-03-04T10:37:26.661745+00:00" hostname="agent-env-9a33045a-0f07-4595-8a13-c0acf40a945c"><testcase classname="backend.tests.test_iteration4_features.TestHealthEndpoints" name="test_api_health" time="0.128" /><testcase classname="backend.tests.test_iteration4_features.TestHealthEndpoints" name="test_api_root" time="0.217" /><testcase classname="backend.tests.test_iteration4_features.TestRegistrationTwoRoles" name="test_register_student_role" time="0.316" /><testcase classname="backend.tests.test_iteration4_features.TestRegistrationTwoRoles" name="test_register_marker_role" time="0.318" /><testcase classname="backend.tests.test_iteration4_features.TestRegistrationTwoRoles" name="test_register_invalid_moderator_role" time="0.091" /><testcase classname="backend.tests.test_iteration4_features.TestRegistrationTwoRoles" name="test_register_invalid_module_leader_role" time="0.078" /><testcase classname="backend.tests.test_iteration4_features.TestLoginFunctionality" name="test_student_login" time="0.645" /><testcase classname="backend.tests.test_iteration4_features.TestLoginFunctionality" name="test_marker_login" time="0.688" /><testcase classname="backend.tests.test_iteration4_features.TestLoginFunctionality" name="test_invalid_credentials_login" time="0.083" /><testcase classname="backend.tests.test_iteration4_features.TestRoleElevation" name="test_marker_becomes_module_leader_on_course_creation" time="0.890" /><testcase classname="backend.tests.test_iteration4_features.TestCourseTeamManagement" name="test_add_collaborator_to_course" time="1.428" /><testcase classname="backend.tests.test_iteration4_features.TestCourseTeamManagement" name="test_add_moderator_to_course" time="1.557" /><testcase classname="backend.tests.test_iteration4_features.TestCourseTeamManagement" name="test_transfer_leadership" time="1.586" /><testcase classname="backend.tests.test_iteration4_features.TestAssignmentCreation" name="test_create_assignment_with_total_marks" time="0.767" /><testcase classname="backend.tests.test_iteration4_features.TestAssignmentCreation" name="test_create_assignment_with_deadline" time="0.814" /><testcase classname="backend.tests.test_iteration4_features.TestStudentEnrollment" name="test_student_enrollment" time="1.416" /><testcase classname="backend.tests.test_iteration4_features.TestStudentEnrollment" name="test_student_sees_enrolled_courses" time="1.571" /><testcase classname="backend.tests.test_iteration4_features.TestStudentSubmission" name="test_multi_file_submission" time="1.684" /><testcase classname="backend.tests.test_iteration4_features.TestCodeReviewAndGrading" name="test_view_submission" time="1.769" /><testcase classname="backend.tests.test_iteration4_features.TestCodeReviewAndGrading" name="test_add_issue_with_marks_deduction" time="1.828" /><testcase classname="backend.tests.test_iteration4_features.TestCodeReviewAndGrading" name="test_grade_submission" time="1.739" /><testcase classname="backend.tests.test_iteration4_features.TestGamification" name="test_gamification_stats_endpoint_student" time="1.362" /><testcase classname="backend.tests.test_iteration4_features.TestGamification" name="test_gamification_stats_endpoint_marker" time="1.395" /><testcase classname="backend.tests.test_iteration4_features.TestGamification" name="test_gamification_badges_endpoint_student" time="1.484" /><testcase classname="backend.tests.test_iteration4_features.TestGamification" name="test_gamification_badges_endpoint_marker" time="1.415" /><testcase classname="backend.tests.test_iteration4_features.TestStudentFeedbackView" name="test_student_view_feedback" time="2.013" /><testcase classname="backend.tests.test_iteration4_features.TestStudentFeedbackView" name="test_student_mark_issue_fixed" time="2.012" /><testcase classname="backend.tests.test_iteration4_features.TestModerationWorkflow" name="test_moderator_can_view_submissions_for_moderation" time="3.123" /><testcase classname="backend.tests.test_iteration4_features.TestModerationWorkflow" name="test_moderator_can_raise_issue" time="2.887" /><testcase classname="backend.tests.test_iteration4_features.TestModerationWorkflow" name="test_module_leader_can_view_moderation_issues" time="2.906" /></testsuite></testsuites>