<?xml version="1.0" encoding="utf-8"?><testsuites name="pytest tests"><testsuite name="pytest" errors="0" failures="0" skipped="0" tests="22" time="14.334" timestamp="2026-04-07T21:01:18.020626+00:00" hostname="agent-env-1601f52e-5c96-4a43-ba1a-0cf4b2351966"><testcase classname="backend.tests.test_iteration6_leaderboard.TestHealthAndAuth" name="test_api_health" time="0.621" /><testcase classname="backend.tests.test_iteration6_leaderboard.TestHealthAndAuth" name="test_marker_login" time="0.623" /><testcase classname="backend.tests.test_iteration6_leaderboard.TestHealthAndAuth" name="test_student_login" time="0.605" /><testcase classname="backend.tests.test_iteration6_leaderboard.TestExtendedBadges" name="test_gamification_stats_student_badges" time="1.487" /><testcase classname="backend.tests.test_iteration6_leaderboard.TestExtendedBadges" name="test_gamification_stats_marker_badges" time="1.003" /><testcase classname="backend.tests.test_iteration6_leaderboard.TestExtendedBadges" name="test_gamification_badges_endpoint" time="0.379" /><testcase classname="backend.tests.test_iteration6_leaderboard.TestNicknameCheck" name="test_check_nickname_available" time="0.759" /><testcase classname="backend.tests.test_iteration6_leaderboard.TestNicknameCheck" name="test_check_nickname_too_short" time="0.388" /><testcase classname="backend.tests.test_iteration6_leaderboard.TestNicknameCheck" name="test_check_nickname_too_long" time="0.380" /><testcase classname="backend.tests.test_iteration6_leaderboard.TestLeaderboardJoinLeave" name="test_join_leaderboard_student" time="0.378" /><testcase classname="backend.tests.test_iteration6_leaderboard.TestLeaderboardJoinLeave" name="test_get_leaderboard_settings" time="0.379" /><testcase classname="backend.tests.test_iteration6_leaderboard.TestLeaderboardJoinLeave" name="test_leave_leaderboard" time="0.377" /><testcase classname="backend.tests.test_iteration6_leaderboard.TestLeaderboardJoinLeave" name="test_settings_after_leave" time="0.382" /><testcase classname="backend.tests.test_iteration6_leaderboard.TestNicknameUniqueness" name="test_nickname_uniqueness_same_module" time="1.138" /><testcase classname="backend.tests.test_iteration6_leaderboard.TestLeaderboardEndpoints" name="test_get_student_leaderboard" time="0.755" /><testcase classname="backend.tests.test_iteration6_leaderboard.TestLeaderboardEndpoints" name="test_get_marker_leaderboard" time="0.767" /><testcase classname="backend.tests.test_iteration6_leaderboard.TestLeaderboardEndpoints" name="test_leaderboard_nonexistent_course" time="0.377" /><testcase classname="backend.tests.test_iteration6_leaderboard.TestProfileEndpoint" name="test_get_own_profile" time="0.754" /><testcase classname="backend.tests.test_iteration6_leaderboard.TestProfileEndpoint" name="test_get_other_user_profile" time="0.762" /><testcase classname="backend.tests.test_iteration6_leaderboard.TestProfileEndpoint" name="test_profile_nonexistent_user" time="0.375" /><testcase classname="backend.tests.test_iteration6_leaderboard.TestProfileEndpoint" name="test_profile_includes_active_modules" time="0.750" /><testcase classname="backend.tests.test_iteration6_leaderboard.TestCleanup" name="test_cleanup_leaderboard_entries" time="0.756" /></testsuite></testsuites>