<?xml version="1.0" encoding="utf-8"?><testsuites name="pytest tests"><testsuite name="pytest" errors="0" failures="1" skipped="0" tests="31" time="55.164" timestamp="2026-03-03T17:06:04.296729+00:00" hostname="agent-env-9a33045a-0f07-4595-8a13-c0acf40a945c"><testcase classname="backend.tests.test_phase1_2_features.TestHealthAndAPI" name="test_api_health" time="0.630" /><testcase classname="backend.tests.test_phase1_2_features.TestHealthAndAPI" name="test_api_root" time="0.521" /><testcase classname="backend.tests.test_phase1_2_features.TestUserRegistrationAllRoles" name="test_register_student_without_course" time="1.689" /><testcase classname="backend.tests.test_phase1_2_features.TestUserRegistrationAllRoles" name="test_register_marker_role" time="0.968" /><testcase classname="backend.tests.test_phase1_2_features.TestUserRegistrationAllRoles" name="test_register_moderator_role" time="0.801" /><testcase classname="backend.tests.test_phase1_2_features.TestUserRegistrationAllRoles" name="test_register_module_leader_role" time="0.661" /><testcase classname="backend.tests.test_phase1_2_features.TestUserRegistrationAllRoles" name="test_register_invalid_role" time="0.425" /><testcase classname="backend.tests.test_phase1_2_features.TestUserRegistrationAllRoles" name="test_duplicate_email_registration" time="1.045" /><testcase classname="backend.tests.test_phase1_2_features.TestLoginFunctionality" name="test_marker_login" time="2.588" /><testcase classname="backend.tests.test_phase1_2_features.TestLoginFunctionality" name="test_moderator_login" time="2.585" /><testcase classname="backend.tests.test_phase1_2_features.TestLoginFunctionality" name="test_module_leader_login" time="2.726" /><testcase classname="backend.tests.test_phase1_2_features.TestLoginFunctionality" name="test_invalid_login" time="0.540" /><testcase classname="backend.tests.test_phase1_2_features.TestRoleBasedAccessControl" name="test_marker_can_access_courses" time="4.211" /><testcase classname="backend.tests.test_phase1_2_features.TestRoleBasedAccessControl" name="test_moderator_can_access_moderation" time="4.322" /><testcase classname="backend.tests.test_phase1_2_features.TestRoleBasedAccessControl" name="test_marker_cannot_access_moderation_create" time="4.216" /><testcase classname="backend.tests.test_phase1_2_features.TestCourseManagement" name="test_course_creation" time="1.627"><failure message="assert None is not None">backend/tests/test_phase1_2_features.py:324: in test_course_creation
    assert marker_with_course is not None
E   assert None is not None</failure></testcase><testcase classname="backend.tests.test_phase1_2_features.TestCourseManagement" name="test_marker_becomes_leader_on_course_creation" time="1.629" /><testcase classname="backend.tests.test_phase1_2_features.TestAssignmentCreation" name="test_assignment_with_total_marks" time="1.809" /><testcase classname="backend.tests.test_phase1_2_features.TestAssignmentCreation" name="test_assignment_with_max_attempts" time="1.562" /><testcase classname="backend.tests.test_phase1_2_features.TestAssignmentCreation" name="test_assignment_with_release_date" time="1.804" /><testcase classname="backend.tests.test_phase1_2_features.TestStudentEnrollment" name="test_student_sees_enrolled_courses" time="1.629" /><testcase classname="backend.tests.test_phase1_2_features.TestStudentEnrollment" name="test_student_can_unenroll" time="1.770" /><testcase classname="backend.tests.test_phase1_2_features.TestStudentEnrollment" name="test_student_can_enroll" time="1.591" /><testcase classname="backend.tests.test_phase1_2_features.TestMultiFileSubmission" name="test_multi_file_submission" time="1.793" /><testcase classname="backend.tests.test_phase1_2_features.TestMultiFileSubmission" name="test_submission_has_correct_files" time="1.693" /><testcase classname="backend.tests.test_phase1_2_features.TestCodeReviewAndGrading" name="test_create_issue_with_marks_deduction" time="1.670" /><testcase classname="backend.tests.test_phase1_2_features.TestCodeReviewAndGrading" name="test_grade_submission" time="1.718" /><testcase classname="backend.tests.test_phase1_2_features.TestCodeReviewAndGrading" name="test_mark_no_issues" time="1.684" /><testcase classname="backend.tests.test_phase1_2_features.TestModerationWorkflow" name="test_moderator_can_raise_issue" time="1.699" /><testcase classname="backend.tests.test_phase1_2_features.TestModerationWorkflow" name="test_module_leader_can_approve_issue" time="1.712" /><testcase classname="backend.tests.test_phase1_2_features.TestModerationWorkflow" name="test_module_leader_can_reject_issue" time="1.679" /></testsuite></testsuites>